Release 14.7 - ngc2edif P.20131013 (nt64)
Copyright (c) 1995-2013 Xilinx, Inc.  All rights reserved.
Reading design SigGenTop.ngc ...
WARNING:NetListWriters:298 - No output is written to SigGenTop.xncf, ignored.
Processing design ...
   Preping design's networks ...
   Preping design's macros ...
WARNING:NetListWriters:306 - Signal bus U3/Maccum_SigCnt_int_lut<9 : 0> on block
   SigGenTop is not reconstructed, because there are some missing bus signals.
  finished :Prep
Writing EDIF netlist file SigGenTop.edif ...
ngc2edif: Total memory usage is 83368 kilobytes

Release 14.7 - ngc2edif P.20131013 (nt64)
Copyright (c) 1995-2013 Xilinx, Inc.  All rights reserved.
Reading design SinusLUT.ngc ...
WARNING:NetListWriters:298 - No output is written to SinusLUT.xncf, ignored.
Processing design ...
   Preping design's networks ...
   Preping design's macros ...
  finished :Prep
Writing EDIF netlist file SinusLUT.edif ...
ngc2edif: Total memory usage is 78788 kilobytes

