--------------------------------------------------------------------------------
Release 14.7 Trace  (nt64)
Copyright (c) 1995-2013 Xilinx, Inc.  All rights reserved.

C:\Xilinx\14.7\ISE_DS\ISE\bin\nt64\unwrapped\trce.exe -intstyle ise -v 3 -s 4
-n 3 -fastpaths -xml SigGenTop.twx SigGenTop.ncd -o SigGenTop.twr SigGenTop.pcf
-ucf siggentop.ucf

Design file:              SigGenTop.ncd
Physical constraint file: SigGenTop.pcf
Device,package,speed:     xc3s100e,cp132,-4 (PRODUCTION 1.27 2013-10-13)
Report level:             verbose report

Environment Variable      Effect 
--------------------      ------ 
NONE                      No environment variables were set
--------------------------------------------------------------------------------

INFO:Timing:2698 - No timing constraints found, doing default enumeration.
INFO:Timing:3412 - To improve timing, see the Timing Closure User Guide (UG612).
INFO:Timing:2752 - To get complete path coverage, use the unconstrained paths 
   option. All paths that are not constrained will be reported in the 
   unconstrained paths section(s) of the report.
INFO:Timing:3339 - The clock-to-out numbers in this timing report are based on 
   a 50 Ohm transmission line loading model.  For the details of this model, 
   and for more information on accounting for different loading conditions, 
   please see the device datasheet.
INFO:Timing:3390 - This architecture does not support a default System Jitter 
   value, please add SYSTEM_JITTER constraint to the UCF to modify the Clock 
   Uncertainty calculation.
INFO:Timing:3389 - This architecture does not support 'Discrete Jitter' and 
   'Phase Error' calculations, these terms will be zero in the Clock 
   Uncertainty calculation.  Please make appropriate modification to 
   SYSTEM_JITTER to account for the unsupported Discrete Jitter and Phase 
   Error.



Data Sheet report:
-----------------
All values displayed in nanoseconds (ns)

Setup/Hold to clock Mclk
------------+------------+------------+------------------+--------+
            |Max Setup to|Max Hold to |                  | Clock  |
Source      | clk (edge) | clk (edge) |Internal Clock(s) | Phase  |
------------+------------+------------+------------------+--------+
MOSI        |    1.460(R)|    0.012(R)|Mclk_BUFGP        |   0.000|
Reset       |    3.834(R)|    0.135(R)|Mclk_BUFGP        |   0.000|
SCK         |    0.790(R)|    0.550(R)|Mclk_BUFGP        |   0.000|
SS          |    1.072(R)|    0.452(R)|Mclk_BUFGP        |   0.000|
------------+------------+------------+------------------+--------+

Clock Mclk to Pad
------------+------------+------------------+--------+
            | clk (edge) |                  | Clock  |
Destination |   to PAD   |Internal Clock(s) | Phase  |
------------+------------+------------------+--------+
LED<0>      |    8.770(R)|Mclk_BUFGP        |   0.000|
LED<1>      |    7.944(R)|Mclk_BUFGP        |   0.000|
LED<2>      |    8.646(R)|Mclk_BUFGP        |   0.000|
LED<3>      |    8.283(R)|Mclk_BUFGP        |   0.000|
LED<4>      |    8.309(R)|Mclk_BUFGP        |   0.000|
LED<5>      |    8.833(R)|Mclk_BUFGP        |   0.000|
LED<6>      |    8.543(R)|Mclk_BUFGP        |   0.000|
LED<7>      |    8.149(R)|Mclk_BUFGP        |   0.000|
PWMOut      |   42.034(R)|Mclk_BUFGP        |   0.000|
------------+------------+------------------+--------+

Clock to Setup on destination clock Mclk
---------------+---------+---------+---------+---------+
               | Src:Rise| Src:Fall| Src:Rise| Src:Fall|
Source Clock   |Dest:Rise|Dest:Rise|Dest:Fall|Dest:Fall|
---------------+---------+---------+---------+---------+
Mclk           |    4.229|         |         |         |
---------------+---------+---------+---------+---------+


Analysis completed Wed Jun 15 10:57:14 2016 
--------------------------------------------------------------------------------

Trace Settings:
-------------------------
Trace Settings 

Peak Memory Usage: 174 MB



