Command line:
   ShiftregTB_isim_beh.exe
     -simmode  gui
     -simrunnum  0
     -socket  57171

Wed Jun 08 10:39:14 2016


 Elaboration Time: 0.03125 sec

 Current Memory Usage: 844.186 Meg

 Total Signals          : 14
 Total Nets             : 23
 Total Signal Drivers   : 8
 Total Blocks           : 3
 Total Primitive Blocks : 2
 Total Processes        : 5
 Total Traceable Variables  : 9
 Total Scalar Nets and Variables : 384
Total Line Count : 37

 Total Simulation Time: 0.375 sec

 Current Memory Usage: 372.326 Meg

Wed Jun 08 16:27:11 2016

