Command line:
   shiftregTB_isim_beh.exe
     -simmode  gui
     -simrunnum  0
     -socket  54625

Fri Jun 17 13:39:13 2016


 Elaboration Time: 0.03125 sec

 Current Memory Usage: 840.032 Meg

 Total Signals          : 15
 Total Nets             : 25
 Total Signal Drivers   : 9
 Total Blocks           : 3
 Total Primitive Blocks : 2
 Total Processes        : 6
 Total Traceable Variables  : 9
 Total Scalar Nets and Variables : 386
Total Line Count : 74

 Total Simulation Time: 0.046875 sec

 Current Memory Usage: 682.746 Meg

Fri Jun 17 13:41:14 2016

